# JRE version: Java(TM) SE Runtime Environment (8.0_101-b13) (build 1.8.0_101-b13)
# Java VM: Java HotSpot(TM) 64-Bit Server VM (25.101-b13 mixed mode windows-amd64 compressed oops)
Heap:
 PSYoungGen      total 179712K, used 64547K [0x000000076c500000, 0x000000077d280000, 0x00000007c0000000)
  eden space 168448K, 32% used [0x000000076c500000,0x000000076fb07290,0x0000000776980000)
  from space 11264K, 81% used [0x0000000776980000,0x00000007772819e8,0x0000000777480000)
  to   space 11264K, 0% used [0x000000077c780000,0x000000077c780000,0x000000077d280000)
 ParOldGen       total 139776K, used 15651K [0x00000006c4e00000, 0x00000006cd680000, 0x000000076c500000)
  object space 139776K, 11% used [0x00000006c4e00000,0x00000006c5d48e80,0x00000006cd680000)
 Metaspace       used 42463K, capacity 44528K, committed 44672K, reserved 1087488K
  class space    used 5577K, capacity 5974K, committed 6016K, reserved 1048576K
GC Heap History (10 events):
Event: 2.687 GC heap before
{Heap before GC invocations=5 (full 1):
 PSYoungGen      total 75264K, used 64512K [0x000000076c500000, 0x0000000775800000, 0x00000007c0000000)
  eden space 64512K, 100% used [0x000000076c500000,0x0000000770400000,0x0000000770400000)
  from space 10752K, 0% used [0x0000000770400000,0x0000000770400000,0x0000000770e80000)
  to   space 10752K, 0% used [0x0000000774d80000,0x0000000774d80000,0x0000000775800000)
 ParOldGen       total 94208K, used 9030K [0x00000006c4e00000, 0x00000006caa00000, 0x000000076c500000)
  object space 94208K, 9% used [0x00000006c4e00000,0x00000006c56d1938,0x00000006caa00000)
 Metaspace       used 25652K, capacity 26708K, committed 27008K, reserved 1073152K
  class space    used 3353K, capacity 3618K, committed 3712K, reserved 1048576K
Event: 2.692 GC heap after
Heap after GC invocations=5 (full 1):
 PSYoungGen      total 112640K, used 6444K [0x000000076c500000, 0x0000000775400000, 0x00000007c0000000)
  eden space 105984K, 0% used [0x000000076c500000,0x000000076c500000,0x0000000772c80000)
  from space 6656K, 96% used [0x0000000774d80000,0x00000007753cb208,0x0000000775400000)
  to   space 10752K, 0% used [0x0000000773f00000,0x0000000773f00000,0x0000000774980000)
 ParOldGen       total 94208K, used 9038K [0x00000006c4e00000, 0x00000006caa00000, 0x000000076c500000)
  object space 94208K, 9% used [0x00000006c4e00000,0x00000006c56d3938,0x00000006caa00000)
 Metaspace       used 25652K, capacity 26708K, committed 27008K, reserved 1073152K
  class space    used 3353K, capacity 3618K, committed 3712K, reserved 1048576K
}
Event: 3.326 GC heap before
{Heap before GC invocations=6 (full 1):
 PSYoungGen      total 112640K, used 112428K [0x000000076c500000, 0x0000000775400000, 0x00000007c0000000)
  eden space 105984K, 100% used [0x000000076c500000,0x0000000772c80000,0x0000000772c80000)
  from space 6656K, 96% used [0x0000000774d80000,0x00000007753cb208,0x0000000775400000)
  to   space 10752K, 0% used [0x0000000773f00000,0x0000000773f00000,0x0000000774980000)
 ParOldGen       total 94208K, used 9038K [0x00000006c4e00000, 0x00000006caa00000, 0x000000076c500000)
  object space 94208K, 9% used [0x00000006c4e00000,0x00000006c56d3938,0x00000006caa00000)
 Metaspace       used 29268K, capacity 30608K, committed 30848K, reserved 1075200K
  class space    used 3837K, capacity 4102K, committed 4224K, reserved 1048576K
Event: 3.335 GC heap after
Heap after GC invocations=6 (full 1):
 PSYoungGen      total 135680K, used 7777K [0x000000076c500000, 0x0000000777e80000, 0x00000007c0000000)
  eden space 124928K, 0% used [0x000000076c500000,0x000000076c500000,0x0000000773f00000)
  from space 10752K, 72% used [0x0000000773f00000,0x0000000774698490,0x0000000774980000)
  to   space 10240K, 0% used [0x0000000777480000,0x0000000777480000,0x0000000777e80000)
 ParOldGen       total 94208K, used 9046K [0x00000006c4e00000, 0x00000006caa00000, 0x000000076c500000)
  object space 94208K, 9% used [0x00000006c4e00000,0x00000006c56d5938,0x00000006caa00000)
 Metaspace       used 29268K, capacity 30608K, committed 30848K, reserved 1075200K
  class space    used 3837K, capacity 4102K, committed 4224K, reserved 1048576K
}
Event: 4.154 GC heap before
{Heap before GC invocations=7 (full 1):
 PSYoungGen      total 135680K, used 130409K [0x000000076c500000, 0x0000000777e80000, 0x00000007c0000000)
  eden space 124928K, 98% used [0x000000076c500000,0x0000000773cc1ff8,0x0000000773f00000)
  from space 10752K, 72% used [0x0000000773f00000,0x0000000774698490,0x0000000774980000)
  to   space 10240K, 0% used [0x0000000777480000,0x0000000777480000,0x0000000777e80000)
 ParOldGen       total 94208K, used 9046K [0x00000006c4e00000, 0x00000006caa00000, 0x000000076c500000)
  object space 94208K, 9% used [0x00000006c4e00000,0x00000006c56d5938,0x00000006caa00000)
 Metaspace       used 33929K, capacity 35496K, committed 35496K, reserved 1079296K
  class space    used 4555K, capacity 4864K, committed 4864K, reserved 1048576K
Event: 4.163 GC heap after
Heap after GC invocations=7 (full 1):
 PSYoungGen      total 178688K, used 10234K [0x000000076c500000, 0x0000000779900000, 0x00000007c0000000)
  eden space 168448K, 0% used [0x000000076c500000,0x000000076c500000,0x0000000776980000)
  from space 10240K, 99% used [0x0000000777480000,0x0000000777e7e848,0x0000000777e80000)
  to   space 11264K, 0% used [0x0000000776980000,0x0000000776980000,0x0000000777480000)
 ParOldGen       total 94208K, used 9158K [0x00000006c4e00000, 0x00000006caa00000, 0x000000076c500000)
  object space 94208K, 9% used [0x00000006c4e00000,0x00000006c56f1898,0x00000006caa00000)
 Metaspace       used 33929K, capacity 35496K, committed 35496K, reserved 1079296K
  class space    used 4555K, capacity 4864K, committed 4864K, reserved 1048576K
}
Event: 4.163 GC heap before
{Heap before GC invocations=8 (full 2):
 PSYoungGen      total 178688K, used 10234K [0x000000076c500000, 0x0000000779900000, 0x00000007c0000000)
  eden space 168448K, 0% used [0x000000076c500000,0x000000076c500000,0x0000000776980000)
  from space 10240K, 99% used [0x0000000777480000,0x0000000777e7e848,0x0000000777e80000)
  to   space 11264K, 0% used [0x0000000776980000,0x0000000776980000,0x0000000777480000)
 ParOldGen       total 94208K, used 9158K [0x00000006c4e00000, 0x00000006caa00000, 0x000000076c500000)
  object space 94208K, 9% used [0x00000006c4e00000,0x00000006c56f1898,0x00000006caa00000)
 Metaspace       used 33929K, capacity 35496K, committed 35496K, reserved 1079296K
  class space    used 4555K, capacity 4864K, committed 4864K, reserved 1048576K
Event: 4.208 GC heap after
Heap after GC invocations=8 (full 2):
 PSYoungGen      total 178688K, used 0K [0x000000076c500000, 0x0000000779900000, 0x00000007c0000000)
  eden space 168448K, 0% used [0x000000076c500000,0x000000076c500000,0x0000000776980000)
  from space 10240K, 0% used [0x0000000777480000,0x0000000777480000,0x0000000777e80000)
  to   space 11264K, 0% used [0x0000000776980000,0x0000000776980000,0x0000000777480000)
 ParOldGen       total 139776K, used 15643K [0x00000006c4e00000, 0x00000006cd680000, 0x000000076c500000)
  object space 139776K, 11% used [0x00000006c4e00000,0x00000006c5d46e80,0x00000006cd680000)
 Metaspace       used 33929K, capacity 35496K, committed 35496K, reserved 1079296K
  class space    used 4555K, capacity 4864K, committed 4864K, reserved 1048576K
}
Event: 5.229 GC heap before
{Heap before GC invocations=9 (full 2):
 PSYoungGen      total 178688K, used 168448K [0x000000076c500000, 0x0000000779900000, 0x00000007c0000000)
  eden space 168448K, 100% used [0x000000076c500000,0x0000000776980000,0x0000000776980000)
  from space 10240K, 0% used [0x0000000777480000,0x0000000777480000,0x0000000777e80000)
  to   space 11264K, 0% used [0x0000000776980000,0x0000000776980000,0x0000000777480000)
 ParOldGen       total 139776K, used 15643K [0x00000006c4e00000, 0x00000006cd680000, 0x000000076c500000)
  object space 139776K, 11% used [0x00000006c4e00000,0x00000006c5d46e80,0x00000006cd680000)
 Metaspace       used 37694K, capacity 39784K, committed 40064K, reserved 1083392K
  class space    used 5047K, capacity 5408K, committed 5504K, reserved 1048576K
Event: 5.240 GC heap after
Heap after GC invocations=9 (full 2):
 PSYoungGen      total 179712K, used 9222K [0x000000076c500000, 0x000000077d280000, 0x00000007c0000000)
  eden space 168448K, 0% used [0x000000076c500000,0x000000076c500000,0x0000000776980000)
  from space 11264K, 81% used [0x0000000776980000,0x00000007772819e8,0x0000000777480000)
  to   space 11264K, 0% used [0x000000077c780000,0x000000077c780000,0x000000077d280000)
 ParOldGen       total 139776K, used 15651K [0x00000006c4e00000, 0x00000006cd680000, 0x000000076c500000)
  object space 139776K, 11% used [0x00000006c4e00000,0x00000006c5d48e80,0x00000006cd680000)
 Metaspace       used 37694K, capacity 39784K, committed 40064K, reserved 1083392K
  class space    used 5047K, capacity 5408K, committed 5504K, reserved 1048576K
}

